Sat Nov 10 10:18:21 2012,Hayg Astourian,1175437701817472,Milky Way bar
Sat Nov 10 10:19:47 2012,Zach Bush,23102492,Milky Way bar
Sat Nov 10 10:19:47 2012,Zach Bush,23102492,Doritos - Nacho Cheesier!
Sat Nov 10 10:19:47 2012,Zach Bush,23102492,Kirkland Signature Premium Drinking Water
Sat Nov 10 10:19:47 2012,Zach Bush,23102492,Clif Bar Crunchy Peanut Butter
Sat Nov 10 10:19:47 2012,Zach Bush,23102492,Kit Kat
Sat Nov 10 10:19:47 2012,Zach Bush,23102492,Sprite 
Sat Nov 10 10:19:47 2012,Zach Bush,23102492,VitaRain Dragonfruit (Strength)
Sat Nov 10 10:19:47 2012,Zach Bush,23102492,Milky Way bar
Sat Nov 10 10:19:47 2012,Zach Bush,23102492,Hi-Chew Peach
Sat Nov 10 10:19:47 2012,Zach Bush,23102492,VitaRain Blueberry Pomegranate (Multi-V)
Wed Dec 31 16:04:12 1969,Zach Bush,23102492,Doritos - Nacho Cheesier!
Wed Dec 31 16:04:12 1969,Zach Bush,23102492,VitaRain Blueberry Pomegranate (Multi-V)
Wed Dec 31 16:04:12 1969,Zach Bush,23102492,Milky Way bar
Wed Dec 31 16:04:12 1969,Zach Bush,23102492,Hi-Chew Peach
Wed Dec 31 16:04:12 1969,Zach Bush,23102492,Kit Kat
Wed Dec 31 16:04:12 1969,Zach Bush,23102492,Sprite 
Wed Dec 31 16:04:59 1969,Hayg Astourian,1175437701817472,Hi-Chew Peach
Fri Apr  5 15:48:40 2013,Zach Bush,23102492,Swingline Standard Staples - 210 per strip - ACCO #35108
Fri Apr  5 15:48:40 2013,Zach Bush,23102492,Swingline Standard Staples - 210 per strip - ACCO #35108
Fri Apr  5 15:48:40 2013,Zach Bush,23102492,Swingline Standard Staples - 210 per strip - ACCO #35108
Fri Apr  5 15:48:40 2013,Zach Bush,23102492,Swingline Standard Staples - 210 per strip - ACCO #35108
Fri Apr  5 15:48:40 2013,Zach Bush,23102492,Swingline Standard Staples - 210 per strip - ACCO #35108
Fri Apr  5 15:48:40 2013,Zach Bush,23102492,Swingline Standard Staples - 210 per strip - ACCO #35108
Fri Apr  5 16:13:08 2013,Hayg Astourian,1175437701817472,Swingline Standard Staples - 210 per strip - ACCO #35108
Fri Apr  5 16:13:22 2013,Hayg Astourian,1175437701817472,Swingline Standard Staples - 210 per strip - ACCO #35108
Fri Apr  5 16:13:22 2013,Hayg Astourian,1175437701817472,Swingline Standard Staples - 210 per strip - ACCO #35108
Fri Apr  5 16:13:22 2013,Hayg Astourian,1175437701817472,Swingline Standard Staples - 210 per strip - ACCO #35108
Fri Apr  5 16:13:22 2013,Hayg Astourian,1175437701817472,Swingline Standard Staples - 210 per strip - ACCO #35108
Fri Apr  5 16:13:22 2013,Hayg Astourian,1175437701817472,Swingline Standard Staples - 210 per strip - ACCO #35108
