This file contains any messages produced by compilers while
running configure, to aid debugging if configure makes a mistake.

It was created by libnfc configure 1.6.0-rc1, which was
generated by GNU Autoconf 2.69.  Invocation command line was

  $ ./configure --with-drivers=pn532_uart --enable-serial-autoprobe --no-create --no-recursion

## --------- ##
## Platform. ##
## --------- ##

hostname = alarmpi
uname -m = armv6l
uname -r = 3.2.27-13-ARCH+
uname -s = Linux
uname -v = #1 PREEMPT Sun Oct 21 02:16:17 UTC 2012

/usr/bin/uname -p = unknown
/bin/uname -X     = unknown

/bin/arch              = unknown
/usr/bin/arch -k       = unknown
/usr/convex/getsysinfo = unknown
/usr/bin/hostinfo      = unknown
/bin/machine           = unknown
/usr/bin/oslevel       = unknown
/bin/universe          = unknown

PATH: /usr/local/bin
PATH: /usr/bin
PATH: /bin
PATH: /usr/local/sbin
PATH: /usr/sbin
PATH: /sbin
PATH: /usr/bin/core_perl


## ----------- ##
## Core tests. ##
## ----------- ##

configure:2528: checking for a BSD-compatible install
configure:2596: result: /usr/bin/install -c
configure:2607: checking whether build environment is sane
configure:2657: result: yes
configure:2798: checking for a thread-safe mkdir -p
configure:2837: result: /usr/bin/mkdir -p
configure:2850: checking for gawk
configure:2866: found /usr/bin/gawk
configure:2877: result: gawk
configure:2888: checking whether make sets $(MAKE)
configure:2910: result: yes
configure:3058: checking for gcc
configure:3074: found /usr/bin/gcc
configure:3085: result: gcc
configure:3314: checking for C compiler version
configure:3323: gcc --version >&5
gcc (GCC) 4.7.2
Copyright (C) 2012 Free Software Foundation, Inc.
This is free software; see the source for copying conditions.  There is NO
warranty; not even for MERCHANTABILITY or FITNESS FOR A PARTICULAR PURPOSE.

configure:3334: $? = 0
configure:3323: gcc -v >&5
Using built-in specs.
COLLECT_GCC=gcc
COLLECT_LTO_WRAPPER=/usr/lib/gcc/armv6l-unknown-linux-gnueabihf/4.7.2/lto-wrapper
Target: armv6l-unknown-linux-gnueabihf
Configured with: /build/src/gcc-4.7.2/configure --prefix=/usr --libdir=/usr/lib --libexecdir=/usr/lib --mandir=/usr/share/man --infodir=/usr/share/info --with-bugurl=https://bugs.archlinux.org/ --enable-languages=c,c++,fortran,lto,objc,obj-c++ --enable-shared --enable-threads=posix --with-system-zlib --enable-__cxa_atexit --disable-libunwind-exceptions --enable-clocale=gnu --disable-libstdcxx-pch --enable-libstdcxx-time --enable-gnu-unique-object --enable-linker-build-id --with-ppl --enable-cloog-backend=isl --disable-ppl-version-check --disable-cloog-version-check --enable-lto --enable-gold --enable-ld=default --enable-plugin --with-plugin-ld=ld.gold --with-linker-hash-style=gnu --disable-multilib --disable-libssp --disable-build-with-cxx --disable-build-poststage1-with-cxx --enable-checking=release --host=armv6l-unknown-linux-gnueabihf --build=armv6l-unknown-linux-gnueabihf --with-arch=armv6 --with-float=hard --with-fpu=vfp
Thread model: posix
gcc version 4.7.2 (GCC) 
configure:3334: $? = 0
configure:3323: gcc -V >&5
gcc: error: unrecognized command line option '-V'
gcc: fatal error: no input files
compilation terminated.
configure:3334: $? = 1
configure:3323: gcc -qversion >&5
gcc: error: unrecognized command line option '-qversion'
gcc: fatal error: no input files
compilation terminated.
configure:3334: $? = 1
configure:3354: checking whether the C compiler works
configure:3376: gcc    conftest.c  >&5
configure:3380: $? = 0
configure:3428: result: yes
configure:3431: checking for C compiler default output file name
configure:3433: result: a.out
configure:3439: checking for suffix of executables
configure:3446: gcc -o conftest    conftest.c  >&5
configure:3450: $? = 0
configure:3472: result: 
configure:3494: checking whether we are cross compiling
configure:3502: gcc -o conftest    conftest.c  >&5
configure:3506: $? = 0
configure:3513: ./conftest
configure:3517: $? = 0
configure:3532: result: no
configure:3537: checking for suffix of object files
configure:3559: gcc -c   conftest.c >&5
configure:3563: $? = 0
configure:3584: result: o
configure:3588: checking whether we are using the GNU C compiler
configure:3607: gcc -c   conftest.c >&5
configure:3607: $? = 0
configure:3616: result: yes
configure:3625: checking whether gcc accepts -g
configure:3645: gcc -c -g  conftest.c >&5
configure:3645: $? = 0
configure:3686: result: yes
configure:3703: checking for gcc option to accept ISO C89
configure:3766: gcc  -c -g -O2  conftest.c >&5
configure:3766: $? = 0
configure:3779: result: none needed
configure:3810: checking for style of include used by make
configure:3838: result: GNU
configure:3863: checking dependency style of gcc
configure:3973: result: gcc3
configure:3988: checking whether make sets $(MAKE)
configure:4010: result: yes
configure:4051: checking build system type
configure:4065: result: armv6l-unknown-linux-gnueabihf
configure:4085: checking host system type
configure:4098: result: armv6l-unknown-linux-gnueabihf
configure:4139: checking how to print strings
configure:4166: result: printf
configure:4187: checking for a sed that does not truncate output
configure:4251: result: /bin/sed
configure:4269: checking for grep that handles long lines and -e
configure:4327: result: /usr/bin/grep
configure:4332: checking for egrep
configure:4394: result: /usr/bin/grep -E
configure:4399: checking for fgrep
configure:4461: result: /usr/bin/grep -F
configure:4496: checking for ld used by gcc
configure:4563: result: /usr/bin/ld
configure:4570: checking if the linker (/usr/bin/ld) is GNU ld
configure:4585: result: yes
configure:4597: checking for BSD- or MS-compatible name lister (nm)
configure:4646: result: /usr/bin/nm -B
configure:4776: checking the name lister (/usr/bin/nm -B) interface
configure:4783: gcc -c -g -O2  conftest.c >&5
configure:4786: /usr/bin/nm -B "conftest.o"
configure:4789: output
00000000 B some_variable
configure:4796: result: BSD nm
configure:4799: checking whether ln -s works
configure:4803: result: yes
configure:4811: checking the maximum length of command line arguments
configure:4936: result: 1572864
configure:4953: checking whether the shell understands some XSI constructs
configure:4963: result: yes
configure:4967: checking whether the shell understands "+="
configure:4973: result: yes
configure:5008: checking how to convert armv6l-unknown-linux-gnueabihf file names to armv6l-unknown-linux-gnueabihf format
configure:5048: result: func_convert_file_noop
configure:5055: checking how to convert armv6l-unknown-linux-gnueabihf file names to toolchain format
configure:5075: result: func_convert_file_noop
configure:5082: checking for /usr/bin/ld option to reload object files
configure:5089: result: -r
configure:5163: checking for objdump
configure:5179: found /usr/bin/objdump
configure:5190: result: objdump
configure:5222: checking how to recognize dependent libraries
configure:5424: result: pass_all
configure:5509: checking for dlltool
configure:5539: result: no
configure:5569: checking how to associate runtime and link libraries
configure:5596: result: printf %s\n
configure:5657: checking for ar
configure:5673: found /usr/bin/ar
configure:5684: result: ar
configure:5721: checking for archiver @FILE support
configure:5738: gcc -c -g -O2  conftest.c >&5
configure:5738: $? = 0
configure:5741: ar cru libconftest.a @conftest.lst >&5
configure:5744: $? = 0
configure:5749: ar cru libconftest.a @conftest.lst >&5
ar: conftest.o: No such file or directory
configure:5752: $? = 1
configure:5764: result: @
configure:5822: checking for strip
configure:5838: found /usr/bin/strip
configure:5849: result: strip
configure:5921: checking for ranlib
configure:5937: found /usr/bin/ranlib
configure:5948: result: ranlib
configure:6050: checking command to parse /usr/bin/nm -B output from gcc object
configure:6169: gcc -c -g -O2  conftest.c >&5
configure:6172: $? = 0
configure:6176: /usr/bin/nm -B conftest.o \| sed -n -e 's/^.*[ ]\([ABCDGIRSTW][ABCDGIRSTW]*\)[ ][ ]*\([_A-Za-z][_A-Za-z0-9]*\)$/\1 \2 \2/p' | sed '/ __gnu_lto/d' \> conftest.nm
configure:6179: $? = 0
configure:6245: gcc -o conftest -g -O2   conftest.c conftstm.o >&5
configure:6248: $? = 0
configure:6286: result: ok
configure:6323: checking for sysroot
configure:6353: result: no
configure:6596: checking for mt
configure:6626: result: no
configure:6646: checking if : is a manifest tool
configure:6652: : '-?'
configure:6660: result: no
configure:7292: checking how to run the C preprocessor
configure:7323: gcc -E  conftest.c
configure:7323: $? = 0
configure:7337: gcc -E  conftest.c
conftest.c:12:28: fatal error: ac_nonexistent.h: No such file or directory
compilation terminated.
configure:7337: $? = 1
configure: failed program was:
| /* confdefs.h */
| #define PACKAGE_NAME "libnfc"
| #define PACKAGE_TARNAME "libnfc"
| #define PACKAGE_VERSION "1.6.0-rc1"
| #define PACKAGE_STRING "libnfc 1.6.0-rc1"
| #define PACKAGE_BUGREPORT "info@libnfc.org"
| #define PACKAGE_URL ""
| #define SVN_REVISION ""
| #define PACKAGE "libnfc"
| #define VERSION "1.6.0-rc1"
| /* end confdefs.h.  */
| #include <ac_nonexistent.h>
configure:7362: result: gcc -E
configure:7382: gcc -E  conftest.c
configure:7382: $? = 0
configure:7396: gcc -E  conftest.c
conftest.c:12:28: fatal error: ac_nonexistent.h: No such file or directory
compilation terminated.
configure:7396: $? = 1
configure: failed program was:
| /* confdefs.h */
| #define PACKAGE_NAME "libnfc"
| #define PACKAGE_TARNAME "libnfc"
| #define PACKAGE_VERSION "1.6.0-rc1"
| #define PACKAGE_STRING "libnfc 1.6.0-rc1"
| #define PACKAGE_BUGREPORT "info@libnfc.org"
| #define PACKAGE_URL ""
| #define SVN_REVISION ""
| #define PACKAGE "libnfc"
| #define VERSION "1.6.0-rc1"
| /* end confdefs.h.  */
| #include <ac_nonexistent.h>
configure:7425: checking for ANSI C header files
configure:7445: gcc -c -g -O2  conftest.c >&5
configure:7445: $? = 0
configure:7518: gcc -o conftest -g -O2   conftest.c  >&5
configure:7518: $? = 0
configure:7518: ./conftest
configure:7518: $? = 0
configure:7529: result: yes
configure:7542: checking for sys/types.h
configure:7542: gcc -c -g -O2  conftest.c >&5
configure:7542: $? = 0
configure:7542: result: yes
configure:7542: checking for sys/stat.h
configure:7542: gcc -c -g -O2  conftest.c >&5
configure:7542: $? = 0
configure:7542: result: yes
configure:7542: checking for stdlib.h
configure:7542: gcc -c -g -O2  conftest.c >&5
configure:7542: $? = 0
configure:7542: result: yes
configure:7542: checking for string.h
configure:7542: gcc -c -g -O2  conftest.c >&5
configure:7542: $? = 0
configure:7542: result: yes
configure:7542: checking for memory.h
configure:7542: gcc -c -g -O2  conftest.c >&5
configure:7542: $? = 0
configure:7542: result: yes
configure:7542: checking for strings.h
configure:7542: gcc -c -g -O2  conftest.c >&5
configure:7542: $? = 0
configure:7542: result: yes
configure:7542: checking for inttypes.h
configure:7542: gcc -c -g -O2  conftest.c >&5
configure:7542: $? = 0
configure:7542: result: yes
configure:7542: checking for stdint.h
configure:7542: gcc -c -g -O2  conftest.c >&5
configure:7542: $? = 0
configure:7542: result: yes
configure:7542: checking for unistd.h
configure:7542: gcc -c -g -O2  conftest.c >&5
configure:7542: $? = 0
configure:7542: result: yes
configure:7556: checking for dlfcn.h
configure:7556: gcc -c -g -O2  conftest.c >&5
configure:7556: $? = 0
configure:7556: result: yes
configure:7743: checking for objdir
configure:7758: result: .libs
configure:8029: checking if gcc supports -fno-rtti -fno-exceptions
configure:8047: gcc -c -g -O2  -fno-rtti -fno-exceptions conftest.c >&5
cc1: warning: command line option '-fno-rtti' is valid for C++/ObjC++ but not for C [enabled by default]
configure:8051: $? = 0
configure:8064: result: no
configure:8374: checking for gcc option to produce PIC
configure:8381: result: -fPIC -DPIC
configure:8389: checking if gcc PIC flag -fPIC -DPIC works
configure:8407: gcc -c -g -O2  -fPIC -DPIC -DPIC conftest.c >&5
configure:8411: $? = 0
configure:8424: result: yes
configure:8453: checking if gcc static flag -static works
configure:8481: result: yes
configure:8496: checking if gcc supports -c -o file.o
configure:8517: gcc -c -g -O2  -o out/conftest2.o conftest.c >&5
configure:8521: $? = 0
configure:8543: result: yes
configure:8551: checking if gcc supports -c -o file.o
configure:8598: result: yes
configure:8631: checking whether the gcc linker (/usr/bin/ld) supports shared libraries
configure:9793: result: yes
configure:9830: checking whether -lc should be explicitly linked in
configure:9838: gcc -c -g -O2  conftest.c >&5
configure:9841: $? = 0
configure:9856: gcc -shared  -fPIC -DPIC conftest.o  -v -Wl,-soname -Wl,conftest -o conftest 2\>\&1 \| /usr/bin/grep  -lc  \>/dev/null 2\>\&1
configure:9859: $? = 0
configure:9873: result: no
configure:10038: checking dynamic linker characteristics
configure:10553: gcc -o conftest -g -O2   -Wl,-rpath -Wl,/foo conftest.c  >&5
configure:10553: $? = 0
configure:10787: result: GNU/Linux ld.so
configure:10894: checking how to hardcode library paths into programs
configure:10919: result: immediate
configure:11459: checking whether stripping libraries is possible
configure:11464: result: yes
configure:11499: checking if libtool supports shared libraries
configure:11501: result: yes
configure:11504: checking whether to build shared libraries
configure:11525: result: yes
configure:11528: checking whether to build static libraries
configure:11532: result: yes
configure:11592: checking for pkg-config
configure:11610: found /usr/bin/pkg-config
configure:11622: result: /usr/bin/pkg-config
configure:11635: checking for ANSI C header files
configure:11739: result: yes
configure:11747: checking for stdbool.h that conforms to C99
configure:11814: gcc -c -g -O2  conftest.c >&5
configure:11814: $? = 0
configure:11821: result: yes
configure:11823: checking for _Bool
configure:11823: gcc -c -g -O2  conftest.c >&5
configure:11823: $? = 0
configure:11823: gcc -c -g -O2  conftest.c >&5
conftest.c: In function 'main':
conftest.c:61:20: error: expected expression before ')' token
configure:11823: $? = 1
configure: failed program was:
| /* confdefs.h */
| #define PACKAGE_NAME "libnfc"
| #define PACKAGE_TARNAME "libnfc"
| #define PACKAGE_VERSION "1.6.0-rc1"
| #define PACKAGE_STRING "libnfc 1.6.0-rc1"
| #define PACKAGE_BUGREPORT "info@libnfc.org"
| #define PACKAGE_URL ""
| #define SVN_REVISION ""
| #define PACKAGE "libnfc"
| #define VERSION "1.6.0-rc1"
| #define STDC_HEADERS 1
| #define HAVE_SYS_TYPES_H 1
| #define HAVE_SYS_STAT_H 1
| #define HAVE_STDLIB_H 1
| #define HAVE_STRING_H 1
| #define HAVE_MEMORY_H 1
| #define HAVE_STRINGS_H 1
| #define HAVE_INTTYPES_H 1
| #define HAVE_STDINT_H 1
| #define HAVE_UNISTD_H 1
| #define HAVE_DLFCN_H 1
| #define LT_OBJDIR ".libs/"
| #define STDC_HEADERS 1
| /* end confdefs.h.  */
| #include <stdio.h>
| #ifdef HAVE_SYS_TYPES_H
| # include <sys/types.h>
| #endif
| #ifdef HAVE_SYS_STAT_H
| # include <sys/stat.h>
| #endif
| #ifdef STDC_HEADERS
| # include <stdlib.h>
| # include <stddef.h>
| #else
| # ifdef HAVE_STDLIB_H
| #  include <stdlib.h>
| # endif
| #endif
| #ifdef HAVE_STRING_H
| # if !defined STDC_HEADERS && defined HAVE_MEMORY_H
| #  include <memory.h>
| # endif
| # include <string.h>
| #endif
| #ifdef HAVE_STRINGS_H
| # include <strings.h>
| #endif
| #ifdef HAVE_INTTYPES_H
| # include <inttypes.h>
| #endif
| #ifdef HAVE_STDINT_H
| # include <stdint.h>
| #endif
| #ifdef HAVE_UNISTD_H
| # include <unistd.h>
| #endif
| int
| main ()
| {
| if (sizeof ((_Bool)))
| 	    return 0;
|   ;
|   return 0;
| }
configure:11823: result: yes
configure:11843: checking fcntl.h usability
configure:11843: gcc -c -g -O2  conftest.c >&5
configure:11843: $? = 0
configure:11843: result: yes
configure:11843: checking fcntl.h presence
configure:11843: gcc -E  conftest.c
configure:11843: $? = 0
configure:11843: result: yes
configure:11843: checking for fcntl.h
configure:11843: result: yes
configure:11843: checking limits.h usability
configure:11843: gcc -c -g -O2  conftest.c >&5
configure:11843: $? = 0
configure:11843: result: yes
configure:11843: checking limits.h presence
configure:11843: gcc -E  conftest.c
configure:11843: $? = 0
configure:11843: result: yes
configure:11843: checking for limits.h
configure:11843: result: yes
configure:11843: checking stdio.h usability
configure:11843: gcc -c -g -O2  conftest.c >&5
configure:11843: $? = 0
configure:11843: result: yes
configure:11843: checking stdio.h presence
configure:11843: gcc -E  conftest.c
configure:11843: $? = 0
configure:11843: result: yes
configure:11843: checking for stdio.h
configure:11843: result: yes
configure:11843: checking for stdlib.h
configure:11843: result: yes
configure:11843: checking for stdint.h
configure:11843: result: yes
configure:11843: checking stddef.h usability
configure:11843: gcc -c -g -O2  conftest.c >&5
configure:11843: $? = 0
configure:11843: result: yes
configure:11843: checking stddef.h presence
configure:11843: gcc -E  conftest.c
configure:11843: $? = 0
configure:11843: result: yes
configure:11843: checking for stddef.h
configure:11843: result: yes
configure:11843: checking for stdbool.h
configure:11843: result: yes
configure:11843: checking sys/ioctl.h usability
configure:11843: gcc -c -g -O2  conftest.c >&5
configure:11843: $? = 0
configure:11843: result: yes
configure:11843: checking sys/ioctl.h presence
configure:11843: gcc -E  conftest.c
configure:11843: $? = 0
configure:11843: result: yes
configure:11843: checking for sys/ioctl.h
configure:11843: result: yes
configure:11843: checking sys/param.h usability
configure:11843: gcc -c -g -O2  conftest.c >&5
configure:11843: $? = 0
configure:11843: result: yes
configure:11843: checking sys/param.h presence
configure:11843: gcc -E  conftest.c
configure:11843: $? = 0
configure:11843: result: yes
configure:11843: checking for sys/param.h
configure:11843: result: yes
configure:11843: checking sys/time.h usability
configure:11843: gcc -c -g -O2  conftest.c >&5
configure:11843: $? = 0
configure:11843: result: yes
configure:11843: checking sys/time.h presence
configure:11843: gcc -E  conftest.c
configure:11843: $? = 0
configure:11843: result: yes
configure:11843: checking for sys/time.h
configure:11843: result: yes
configure:11843: checking termios.h usability
configure:11843: gcc -c -g -O2  conftest.c >&5
configure:11843: $? = 0
configure:11843: result: yes
configure:11843: checking termios.h presence
configure:11843: gcc -E  conftest.c
configure:11843: $? = 0
configure:11843: result: yes
configure:11843: checking for termios.h
configure:11843: result: yes
configure:11856: checking for memmove
configure:11856: gcc -o conftest -g -O2   conftest.c  >&5
conftest.c:61:6: warning: conflicting types for built-in function 'memmove' [enabled by default]
configure:11856: $? = 0
configure:11856: result: yes
configure:11856: checking for memset
configure:11856: gcc -o conftest -g -O2   conftest.c  >&5
conftest.c:63:6: warning: conflicting types for built-in function 'memset' [enabled by default]
configure:11856: $? = 0
configure:11856: result: yes
configure:11856: checking for select
configure:11856: gcc -o conftest -g -O2   conftest.c  >&5
configure:11856: $? = 0
configure:11856: result: yes
configure:11856: checking for strdup
configure:11856: gcc -o conftest -g -O2   conftest.c  >&5
conftest.c:67:6: warning: conflicting types for built-in function 'strdup' [enabled by default]
configure:11856: $? = 0
configure:11856: result: yes
configure:11856: checking for strerror
configure:11856: gcc -o conftest -g -O2   conftest.c  >&5
configure:11856: $? = 0
configure:11856: result: yes
configure:11856: checking for strstr
configure:11856: gcc -o conftest -g -O2   conftest.c  >&5
conftest.c:71:6: warning: conflicting types for built-in function 'strstr' [enabled by default]
configure:11856: $? = 0
configure:11856: result: yes
configure:11856: checking for strtol
configure:11856: gcc -o conftest -g -O2   conftest.c  >&5
configure:11856: $? = 0
configure:11856: result: yes
configure:11856: checking for usleep
configure:11856: gcc -o conftest -g -O2   conftest.c  >&5
configure:11856: $? = 0
configure:11856: result: yes
configure:11879: checking for size_t
configure:11879: gcc -c -g -O2  conftest.c >&5
configure:11879: $? = 0
configure:11879: gcc -c -g -O2  conftest.c >&5
conftest.c: In function 'main':
conftest.c:92:21: error: expected expression before ')' token
configure:11879: $? = 1
configure: failed program was:
| /* confdefs.h */
| #define PACKAGE_NAME "libnfc"
| #define PACKAGE_TARNAME "libnfc"
| #define PACKAGE_VERSION "1.6.0-rc1"
| #define PACKAGE_STRING "libnfc 1.6.0-rc1"
| #define PACKAGE_BUGREPORT "info@libnfc.org"
| #define PACKAGE_URL ""
| #define SVN_REVISION ""
| #define PACKAGE "libnfc"
| #define VERSION "1.6.0-rc1"
| #define STDC_HEADERS 1
| #define HAVE_SYS_TYPES_H 1
| #define HAVE_SYS_STAT_H 1
| #define HAVE_STDLIB_H 1
| #define HAVE_STRING_H 1
| #define HAVE_MEMORY_H 1
| #define HAVE_STRINGS_H 1
| #define HAVE_INTTYPES_H 1
| #define HAVE_STDINT_H 1
| #define HAVE_UNISTD_H 1
| #define HAVE_DLFCN_H 1
| #define LT_OBJDIR ".libs/"
| #define STDC_HEADERS 1
| #define HAVE__BOOL 1
| #define HAVE_STDBOOL_H 1
| #define HAVE_FCNTL_H 1
| #define HAVE_LIMITS_H 1
| #define HAVE_STDIO_H 1
| #define HAVE_STDLIB_H 1
| #define HAVE_STDINT_H 1
| #define HAVE_STDDEF_H 1
| #define HAVE_STDBOOL_H 1
| #define HAVE_SYS_IOCTL_H 1
| #define HAVE_SYS_PARAM_H 1
| #define HAVE_SYS_TIME_H 1
| #define HAVE_TERMIOS_H 1
| #define HAVE_MEMMOVE 1
| #define _XOPEN_SOURCE 600
| #define HAVE_MEMSET 1
| #define _XOPEN_SOURCE 600
| #define HAVE_SELECT 1
| #define _XOPEN_SOURCE 600
| #define HAVE_STRDUP 1
| #define _XOPEN_SOURCE 600
| #define HAVE_STRERROR 1
| #define _XOPEN_SOURCE 600
| #define HAVE_STRSTR 1
| #define _XOPEN_SOURCE 600
| #define HAVE_STRTOL 1
| #define _XOPEN_SOURCE 600
| #define HAVE_USLEEP 1
| #define _XOPEN_SOURCE 600
| #define _NETBSD_SOURCE 1
| #define _DARWIN_C_SOURCE 1
| /* end confdefs.h.  */
| #include <stdio.h>
| #ifdef HAVE_SYS_TYPES_H
| # include <sys/types.h>
| #endif
| #ifdef HAVE_SYS_STAT_H
| # include <sys/stat.h>
| #endif
| #ifdef STDC_HEADERS
| # include <stdlib.h>
| # include <stddef.h>
| #else
| # ifdef HAVE_STDLIB_H
| #  include <stdlib.h>
| # endif
| #endif
| #ifdef HAVE_STRING_H
| # if !defined STDC_HEADERS && defined HAVE_MEMORY_H
| #  include <memory.h>
| # endif
| # include <string.h>
| #endif
| #ifdef HAVE_STRINGS_H
| # include <strings.h>
| #endif
| #ifdef HAVE_INTTYPES_H
| # include <inttypes.h>
| #endif
| #ifdef HAVE_STDINT_H
| # include <stdint.h>
| #endif
| #ifdef HAVE_UNISTD_H
| # include <unistd.h>
| #endif
| int
| main ()
| {
| if (sizeof ((size_t)))
| 	    return 0;
|   ;
|   return 0;
| }
configure:11879: result: yes
configure:11890: checking for uint8_t
configure:11890: gcc -c -g -O2  conftest.c >&5
configure:11890: $? = 0
configure:11890: result: yes
configure:11904: checking for uint16_t
configure:11904: gcc -c -g -O2  conftest.c >&5
configure:11904: $? = 0
configure:11904: result: yes
configure:11916: checking for uint32_t
configure:11916: gcc -c -g -O2  conftest.c >&5
configure:11916: $? = 0
configure:11916: result: yes
configure:11930: checking for uint64_t
configure:11930: gcc -c -g -O2  conftest.c >&5
configure:11930: $? = 0
configure:11930: result: yes
configure:11944: checking for int16_t
configure:11944: gcc -c -g -O2  conftest.c >&5
configure:11944: $? = 0
configure:11944: gcc -c -g -O2  conftest.c >&5
conftest.c: In function 'main':
conftest.c:93:12: error: size of array 'test_array' is negative
configure:11944: $? = 1
configure: failed program was:
| /* confdefs.h */
| #define PACKAGE_NAME "libnfc"
| #define PACKAGE_TARNAME "libnfc"
| #define PACKAGE_VERSION "1.6.0-rc1"
| #define PACKAGE_STRING "libnfc 1.6.0-rc1"
| #define PACKAGE_BUGREPORT "info@libnfc.org"
| #define PACKAGE_URL ""
| #define SVN_REVISION ""
| #define PACKAGE "libnfc"
| #define VERSION "1.6.0-rc1"
| #define STDC_HEADERS 1
| #define HAVE_SYS_TYPES_H 1
| #define HAVE_SYS_STAT_H 1
| #define HAVE_STDLIB_H 1
| #define HAVE_STRING_H 1
| #define HAVE_MEMORY_H 1
| #define HAVE_STRINGS_H 1
| #define HAVE_INTTYPES_H 1
| #define HAVE_STDINT_H 1
| #define HAVE_UNISTD_H 1
| #define HAVE_DLFCN_H 1
| #define LT_OBJDIR ".libs/"
| #define STDC_HEADERS 1
| #define HAVE__BOOL 1
| #define HAVE_STDBOOL_H 1
| #define HAVE_FCNTL_H 1
| #define HAVE_LIMITS_H 1
| #define HAVE_STDIO_H 1
| #define HAVE_STDLIB_H 1
| #define HAVE_STDINT_H 1
| #define HAVE_STDDEF_H 1
| #define HAVE_STDBOOL_H 1
| #define HAVE_SYS_IOCTL_H 1
| #define HAVE_SYS_PARAM_H 1
| #define HAVE_SYS_TIME_H 1
| #define HAVE_TERMIOS_H 1
| #define HAVE_MEMMOVE 1
| #define _XOPEN_SOURCE 600
| #define HAVE_MEMSET 1
| #define _XOPEN_SOURCE 600
| #define HAVE_SELECT 1
| #define _XOPEN_SOURCE 600
| #define HAVE_STRDUP 1
| #define _XOPEN_SOURCE 600
| #define HAVE_STRERROR 1
| #define _XOPEN_SOURCE 600
| #define HAVE_STRSTR 1
| #define _XOPEN_SOURCE 600
| #define HAVE_STRTOL 1
| #define _XOPEN_SOURCE 600
| #define HAVE_USLEEP 1
| #define _XOPEN_SOURCE 600
| #define _NETBSD_SOURCE 1
| #define _DARWIN_C_SOURCE 1
| /* end confdefs.h.  */
| #include <stdio.h>
| #ifdef HAVE_SYS_TYPES_H
| # include <sys/types.h>
| #endif
| #ifdef HAVE_SYS_STAT_H
| # include <sys/stat.h>
| #endif
| #ifdef STDC_HEADERS
| # include <stdlib.h>
| # include <stddef.h>
| #else
| # ifdef HAVE_STDLIB_H
| #  include <stdlib.h>
| # endif
| #endif
| #ifdef HAVE_STRING_H
| # if !defined STDC_HEADERS && defined HAVE_MEMORY_H
| #  include <memory.h>
| # endif
| # include <string.h>
| #endif
| #ifdef HAVE_STRINGS_H
| # include <strings.h>
| #endif
| #ifdef HAVE_INTTYPES_H
| # include <inttypes.h>
| #endif
| #ifdef HAVE_STDINT_H
| # include <stdint.h>
| #endif
| #ifdef HAVE_UNISTD_H
| # include <unistd.h>
| #endif
| 	        enum { N = 16 / 2 - 1 };
| int
| main ()
| {
| static int test_array [1 - 2 * !((int16_t) (((((int16_t) 1 << N) << N) - 1) * 2 + 1)
| 		 < (int16_t) (((((int16_t) 1 << N) << N) - 1) * 2 + 2))];
| test_array [0] = 0;
| return test_array [0];
| 
|   ;
|   return 0;
| }
configure:11944: result: yes
configure:11955: checking for int32_t
configure:11955: gcc -c -g -O2  conftest.c >&5
configure:11955: $? = 0
configure:11955: gcc -c -g -O2  conftest.c >&5
conftest.c: In function 'main':
conftest.c:94:53: warning: integer overflow in expression [-Woverflow]
conftest.c:93:12: error: size of array 'test_array' is negative
conftest.c:93:12: error: storage size of 'test_array' isn't constant
configure:11955: $? = 1
configure: failed program was:
| /* confdefs.h */
| #define PACKAGE_NAME "libnfc"
| #define PACKAGE_TARNAME "libnfc"
| #define PACKAGE_VERSION "1.6.0-rc1"
| #define PACKAGE_STRING "libnfc 1.6.0-rc1"
| #define PACKAGE_BUGREPORT "info@libnfc.org"
| #define PACKAGE_URL ""
| #define SVN_REVISION ""
| #define PACKAGE "libnfc"
| #define VERSION "1.6.0-rc1"
| #define STDC_HEADERS 1
| #define HAVE_SYS_TYPES_H 1
| #define HAVE_SYS_STAT_H 1
| #define HAVE_STDLIB_H 1
| #define HAVE_STRING_H 1
| #define HAVE_MEMORY_H 1
| #define HAVE_STRINGS_H 1
| #define HAVE_INTTYPES_H 1
| #define HAVE_STDINT_H 1
| #define HAVE_UNISTD_H 1
| #define HAVE_DLFCN_H 1
| #define LT_OBJDIR ".libs/"
| #define STDC_HEADERS 1
| #define HAVE__BOOL 1
| #define HAVE_STDBOOL_H 1
| #define HAVE_FCNTL_H 1
| #define HAVE_LIMITS_H 1
| #define HAVE_STDIO_H 1
| #define HAVE_STDLIB_H 1
| #define HAVE_STDINT_H 1
| #define HAVE_STDDEF_H 1
| #define HAVE_STDBOOL_H 1
| #define HAVE_SYS_IOCTL_H 1
| #define HAVE_SYS_PARAM_H 1
| #define HAVE_SYS_TIME_H 1
| #define HAVE_TERMIOS_H 1
| #define HAVE_MEMMOVE 1
| #define _XOPEN_SOURCE 600
| #define HAVE_MEMSET 1
| #define _XOPEN_SOURCE 600
| #define HAVE_SELECT 1
| #define _XOPEN_SOURCE 600
| #define HAVE_STRDUP 1
| #define _XOPEN_SOURCE 600
| #define HAVE_STRERROR 1
| #define _XOPEN_SOURCE 600
| #define HAVE_STRSTR 1
| #define _XOPEN_SOURCE 600
| #define HAVE_STRTOL 1
| #define _XOPEN_SOURCE 600
| #define HAVE_USLEEP 1
| #define _XOPEN_SOURCE 600
| #define _NETBSD_SOURCE 1
| #define _DARWIN_C_SOURCE 1
| /* end confdefs.h.  */
| #include <stdio.h>
| #ifdef HAVE_SYS_TYPES_H
| # include <sys/types.h>
| #endif
| #ifdef HAVE_SYS_STAT_H
| # include <sys/stat.h>
| #endif
| #ifdef STDC_HEADERS
| # include <stdlib.h>
| # include <stddef.h>
| #else
| # ifdef HAVE_STDLIB_H
| #  include <stdlib.h>
| # endif
| #endif
| #ifdef HAVE_STRING_H
| # if !defined STDC_HEADERS && defined HAVE_MEMORY_H
| #  include <memory.h>
| # endif
| # include <string.h>
| #endif
| #ifdef HAVE_STRINGS_H
| # include <strings.h>
| #endif
| #ifdef HAVE_INTTYPES_H
| # include <inttypes.h>
| #endif
| #ifdef HAVE_STDINT_H
| # include <stdint.h>
| #endif
| #ifdef HAVE_UNISTD_H
| # include <unistd.h>
| #endif
| 	        enum { N = 32 / 2 - 1 };
| int
| main ()
| {
| static int test_array [1 - 2 * !((int32_t) (((((int32_t) 1 << N) << N) - 1) * 2 + 1)
| 		 < (int32_t) (((((int32_t) 1 << N) << N) - 1) * 2 + 2))];
| test_array [0] = 0;
| return test_array [0];
| 
|   ;
|   return 0;
| }
configure:11955: result: yes
configure:11966: checking for off_t
configure:11966: gcc -c -g -O2  conftest.c >&5
configure:11966: $? = 0
configure:11966: gcc -c -g -O2  conftest.c >&5
conftest.c: In function 'main':
conftest.c:92:20: error: expected expression before ')' token
configure:11966: $? = 1
configure: failed program was:
| /* confdefs.h */
| #define PACKAGE_NAME "libnfc"
| #define PACKAGE_TARNAME "libnfc"
| #define PACKAGE_VERSION "1.6.0-rc1"
| #define PACKAGE_STRING "libnfc 1.6.0-rc1"
| #define PACKAGE_BUGREPORT "info@libnfc.org"
| #define PACKAGE_URL ""
| #define SVN_REVISION ""
| #define PACKAGE "libnfc"
| #define VERSION "1.6.0-rc1"
| #define STDC_HEADERS 1
| #define HAVE_SYS_TYPES_H 1
| #define HAVE_SYS_STAT_H 1
| #define HAVE_STDLIB_H 1
| #define HAVE_STRING_H 1
| #define HAVE_MEMORY_H 1
| #define HAVE_STRINGS_H 1
| #define HAVE_INTTYPES_H 1
| #define HAVE_STDINT_H 1
| #define HAVE_UNISTD_H 1
| #define HAVE_DLFCN_H 1
| #define LT_OBJDIR ".libs/"
| #define STDC_HEADERS 1
| #define HAVE__BOOL 1
| #define HAVE_STDBOOL_H 1
| #define HAVE_FCNTL_H 1
| #define HAVE_LIMITS_H 1
| #define HAVE_STDIO_H 1
| #define HAVE_STDLIB_H 1
| #define HAVE_STDINT_H 1
| #define HAVE_STDDEF_H 1
| #define HAVE_STDBOOL_H 1
| #define HAVE_SYS_IOCTL_H 1
| #define HAVE_SYS_PARAM_H 1
| #define HAVE_SYS_TIME_H 1
| #define HAVE_TERMIOS_H 1
| #define HAVE_MEMMOVE 1
| #define _XOPEN_SOURCE 600
| #define HAVE_MEMSET 1
| #define _XOPEN_SOURCE 600
| #define HAVE_SELECT 1
| #define _XOPEN_SOURCE 600
| #define HAVE_STRDUP 1
| #define _XOPEN_SOURCE 600
| #define HAVE_STRERROR 1
| #define _XOPEN_SOURCE 600
| #define HAVE_STRSTR 1
| #define _XOPEN_SOURCE 600
| #define HAVE_STRTOL 1
| #define _XOPEN_SOURCE 600
| #define HAVE_USLEEP 1
| #define _XOPEN_SOURCE 600
| #define _NETBSD_SOURCE 1
| #define _DARWIN_C_SOURCE 1
| /* end confdefs.h.  */
| #include <stdio.h>
| #ifdef HAVE_SYS_TYPES_H
| # include <sys/types.h>
| #endif
| #ifdef HAVE_SYS_STAT_H
| # include <sys/stat.h>
| #endif
| #ifdef STDC_HEADERS
| # include <stdlib.h>
| # include <stddef.h>
| #else
| # ifdef HAVE_STDLIB_H
| #  include <stdlib.h>
| # endif
| #endif
| #ifdef HAVE_STRING_H
| # if !defined STDC_HEADERS && defined HAVE_MEMORY_H
| #  include <memory.h>
| # endif
| # include <string.h>
| #endif
| #ifdef HAVE_STRINGS_H
| # include <strings.h>
| #endif
| #ifdef HAVE_INTTYPES_H
| # include <inttypes.h>
| #endif
| #ifdef HAVE_STDINT_H
| # include <stdint.h>
| #endif
| #ifdef HAVE_UNISTD_H
| # include <unistd.h>
| #endif
| int
| main ()
| {
| if (sizeof ((off_t)))
| 	    return 0;
|   ;
|   return 0;
| }
configure:11966: result: yes
configure:11978: checking return type of signal handlers
configure:11996: gcc -c -g -O2  conftest.c >&5
conftest.c: In function 'main':
conftest.c:62:1: error: void value not ignored as it ought to be
configure:11996: $? = 1
configure: failed program was:
| /* confdefs.h */
| #define PACKAGE_NAME "libnfc"
| #define PACKAGE_TARNAME "libnfc"
| #define PACKAGE_VERSION "1.6.0-rc1"
| #define PACKAGE_STRING "libnfc 1.6.0-rc1"
| #define PACKAGE_BUGREPORT "info@libnfc.org"
| #define PACKAGE_URL ""
| #define SVN_REVISION ""
| #define PACKAGE "libnfc"
| #define VERSION "1.6.0-rc1"
| #define STDC_HEADERS 1
| #define HAVE_SYS_TYPES_H 1
| #define HAVE_SYS_STAT_H 1
| #define HAVE_STDLIB_H 1
| #define HAVE_STRING_H 1
| #define HAVE_MEMORY_H 1
| #define HAVE_STRINGS_H 1
| #define HAVE_INTTYPES_H 1
| #define HAVE_STDINT_H 1
| #define HAVE_UNISTD_H 1
| #define HAVE_DLFCN_H 1
| #define LT_OBJDIR ".libs/"
| #define STDC_HEADERS 1
| #define HAVE__BOOL 1
| #define HAVE_STDBOOL_H 1
| #define HAVE_FCNTL_H 1
| #define HAVE_LIMITS_H 1
| #define HAVE_STDIO_H 1
| #define HAVE_STDLIB_H 1
| #define HAVE_STDINT_H 1
| #define HAVE_STDDEF_H 1
| #define HAVE_STDBOOL_H 1
| #define HAVE_SYS_IOCTL_H 1
| #define HAVE_SYS_PARAM_H 1
| #define HAVE_SYS_TIME_H 1
| #define HAVE_TERMIOS_H 1
| #define HAVE_MEMMOVE 1
| #define _XOPEN_SOURCE 600
| #define HAVE_MEMSET 1
| #define _XOPEN_SOURCE 600
| #define HAVE_SELECT 1
| #define _XOPEN_SOURCE 600
| #define HAVE_STRDUP 1
| #define _XOPEN_SOURCE 600
| #define HAVE_STRERROR 1
| #define _XOPEN_SOURCE 600
| #define HAVE_STRSTR 1
| #define _XOPEN_SOURCE 600
| #define HAVE_STRTOL 1
| #define _XOPEN_SOURCE 600
| #define HAVE_USLEEP 1
| #define _XOPEN_SOURCE 600
| #define _NETBSD_SOURCE 1
| #define _DARWIN_C_SOURCE 1
| /* end confdefs.h.  */
| #include <sys/types.h>
| #include <signal.h>
| 
| int
| main ()
| {
| return *(signal (0, 0)) (0) == 1;
|   ;
|   return 0;
| }
configure:12003: result: void
configure:12024: checking for debug flag
configure:12026: result: no
configure:12044: checking which drivers to build
configure:12057: result: pn532_uart
configure:12171: checking for serial autoprobe flag
configure:12173: result: yes
configure:12190: checking for documentation request
configure:12192: result: no
configure:12363: checking pkg-config is at least version 0.9.0
configure:12366: result: yes
configure:12823: checking for CUTTER
configure:12830: $PKG_CONFIG --exists --print-errors "cutter >= $CUTTER_REQUIRED_VERSION"
Package cutter was not found in the pkg-config search path.
Perhaps you should add the directory containing `cutter.pc'
to the PKG_CONFIG_PATH environment variable
No package 'cutter' found
configure:12833: $? = 1
configure:12847: $PKG_CONFIG --exists --print-errors "cutter >= $CUTTER_REQUIRED_VERSION"
Package cutter was not found in the pkg-config search path.
Perhaps you should add the directory containing `cutter.pc'
to the PKG_CONFIG_PATH environment variable
No package 'cutter' found
configure:12850: $? = 1
configure:12864: result: no
No package 'cutter' found
configure:12946: checking for readline.h
configure:12963: result: /usr/include/readline/readline.h
configure:13179: creating ./config.status

## ---------------- ##
## Cache variables. ##
## ---------------- ##

ac_cv_build=armv6l-unknown-linux-gnueabihf
ac_cv_c_compiler_gnu=yes
ac_cv_c_int16_t=yes
ac_cv_c_int32_t=yes
ac_cv_c_uint16_t=yes
ac_cv_c_uint32_t=yes
ac_cv_c_uint64_t=yes
ac_cv_c_uint8_t=yes
ac_cv_env_CC_set=
ac_cv_env_CC_value=
ac_cv_env_CFLAGS_set=
ac_cv_env_CFLAGS_value=
ac_cv_env_CPPFLAGS_set=
ac_cv_env_CPPFLAGS_value=
ac_cv_env_CPP_set=
ac_cv_env_CPP_value=
ac_cv_env_CUTTER_CFLAGS_set=
ac_cv_env_CUTTER_CFLAGS_value=
ac_cv_env_CUTTER_LIBS_set=
ac_cv_env_CUTTER_LIBS_value=
ac_cv_env_LDFLAGS_set=
ac_cv_env_LDFLAGS_value=
ac_cv_env_LIBS_set=
ac_cv_env_LIBS_value=
ac_cv_env_PKG_CONFIG_LIBDIR_set=
ac_cv_env_PKG_CONFIG_LIBDIR_value=
ac_cv_env_PKG_CONFIG_PATH_set=
ac_cv_env_PKG_CONFIG_PATH_value=
ac_cv_env_PKG_CONFIG_set=
ac_cv_env_PKG_CONFIG_value=
ac_cv_env_build_alias_set=
ac_cv_env_build_alias_value=
ac_cv_env_host_alias_set=
ac_cv_env_host_alias_value=
ac_cv_env_libpcsclite_CFLAGS_set=
ac_cv_env_libpcsclite_CFLAGS_value=
ac_cv_env_libpcsclite_LIBS_set=
ac_cv_env_libpcsclite_LIBS_value=
ac_cv_env_libusb_CFLAGS_set=
ac_cv_env_libusb_CFLAGS_value=
ac_cv_env_libusb_LIBS_set=
ac_cv_env_libusb_LIBS_value=
ac_cv_env_target_alias_set=
ac_cv_env_target_alias_value=
ac_cv_func_memmove=yes
ac_cv_func_memset=yes
ac_cv_func_select=yes
ac_cv_func_strdup=yes
ac_cv_func_strerror=yes
ac_cv_func_strstr=yes
ac_cv_func_strtol=yes
ac_cv_func_usleep=yes
ac_cv_header_dlfcn_h=yes
ac_cv_header_fcntl_h=yes
ac_cv_header_inttypes_h=yes
ac_cv_header_limits_h=yes
ac_cv_header_memory_h=yes
ac_cv_header_stdbool_h=yes
ac_cv_header_stdc=yes
ac_cv_header_stddef_h=yes
ac_cv_header_stdint_h=yes
ac_cv_header_stdio_h=yes
ac_cv_header_stdlib_h=yes
ac_cv_header_string_h=yes
ac_cv_header_strings_h=yes
ac_cv_header_sys_ioctl_h=yes
ac_cv_header_sys_param_h=yes
ac_cv_header_sys_stat_h=yes
ac_cv_header_sys_time_h=yes
ac_cv_header_sys_types_h=yes
ac_cv_header_termios_h=yes
ac_cv_header_unistd_h=yes
ac_cv_host=armv6l-unknown-linux-gnueabihf
ac_cv_objext=o
ac_cv_path_EGREP='/usr/bin/grep -E'
ac_cv_path_FGREP='/usr/bin/grep -F'
ac_cv_path_GREP=/usr/bin/grep
ac_cv_path_PKG_CONFIG=/usr/bin/pkg-config
ac_cv_path_SED=/bin/sed
ac_cv_path_install='/usr/bin/install -c'
ac_cv_path_mkdir=/usr/bin/mkdir
ac_cv_prog_AWK=gawk
ac_cv_prog_CPP='gcc -E'
ac_cv_prog_ac_ct_AR=ar
ac_cv_prog_ac_ct_CC=gcc
ac_cv_prog_ac_ct_OBJDUMP=objdump
ac_cv_prog_ac_ct_RANLIB=ranlib
ac_cv_prog_ac_ct_STRIP=strip
ac_cv_prog_cc_c89=
ac_cv_prog_cc_g=yes
ac_cv_prog_make_make_set=yes
ac_cv_type__Bool=yes
ac_cv_type_off_t=yes
ac_cv_type_signal=void
ac_cv_type_size_t=yes
ac_cv_use_cutter=no
am_cv_CC_dependencies_compiler_type=gcc3
lt_cv_ar_at_file=@
lt_cv_archive_cmds_need_lc=no
lt_cv_deplibs_check_method=pass_all
lt_cv_file_magic_cmd='$MAGIC_CMD'
lt_cv_file_magic_test_file=
lt_cv_ld_reload_flag=-r
lt_cv_nm_interface='BSD nm'
lt_cv_objdir=.libs
lt_cv_path_LD=/usr/bin/ld
lt_cv_path_NM='/usr/bin/nm -B'
lt_cv_path_mainfest_tool=no
lt_cv_prog_compiler_c_o=yes
lt_cv_prog_compiler_pic='-fPIC -DPIC'
lt_cv_prog_compiler_pic_works=yes
lt_cv_prog_compiler_rtti_exceptions=no
lt_cv_prog_compiler_static_works=yes
lt_cv_prog_gnu_ld=yes
lt_cv_sharedlib_from_linklib_cmd='printf %s\n'
lt_cv_shlibpath_overrides_runpath=no
lt_cv_sys_global_symbol_pipe='sed -n -e '\''s/^.*[	 ]\([ABCDGIRSTW][ABCDGIRSTW]*\)[	 ][	 ]*\([_A-Za-z][_A-Za-z0-9]*\)$/\1 \2 \2/p'\'' | sed '\''/ __gnu_lto/d'\'''
lt_cv_sys_global_symbol_to_c_name_address='sed -n -e '\''s/^: \([^ ]*\)[ ]*$/  {\"\1\", (void *) 0},/p'\'' -e '\''s/^[ABCDGIRSTW]* \([^ ]*\) \([^ ]*\)$/  {"\2", (void *) \&\2},/p'\'''
lt_cv_sys_global_symbol_to_c_name_address_lib_prefix='sed -n -e '\''s/^: \([^ ]*\)[ ]*$/  {\"\1\", (void *) 0},/p'\'' -e '\''s/^[ABCDGIRSTW]* \([^ ]*\) \(lib[^ ]*\)$/  {"\2", (void *) \&\2},/p'\'' -e '\''s/^[ABCDGIRSTW]* \([^ ]*\) \([^ ]*\)$/  {"lib\2", (void *) \&\2},/p'\'''
lt_cv_sys_global_symbol_to_cdecl='sed -n -e '\''s/^T .* \(.*\)$/extern int \1();/p'\'' -e '\''s/^[ABCDGIRSTW]* .* \(.*\)$/extern char \1;/p'\'''
lt_cv_sys_max_cmd_len=1572864
lt_cv_to_host_file_cmd=func_convert_file_noop
lt_cv_to_tool_file_cmd=func_convert_file_noop

## ----------------- ##
## Output variables. ##
## ----------------- ##

ACLOCAL='${SHELL} /home/zmbush/tabulator/libnfc-1.6.0-rc1/missing --run aclocal-1.11'
AMDEPBACKSLASH='\'
AMDEP_FALSE='#'
AMDEP_TRUE=''
AMTAR='${SHELL} /home/zmbush/tabulator/libnfc-1.6.0-rc1/missing --run tar'
AM_BACKSLASH='\'
AM_DEFAULT_VERBOSITY='0'
AR='ar'
AUTOCONF='${SHELL} /home/zmbush/tabulator/libnfc-1.6.0-rc1/missing --run autoconf'
AUTOHEADER='${SHELL} /home/zmbush/tabulator/libnfc-1.6.0-rc1/missing --run autoheader'
AUTOMAKE='${SHELL} /home/zmbush/tabulator/libnfc-1.6.0-rc1/missing --run automake-1.11'
AWK='gawk'
CC='gcc'
CCDEPMODE='depmode=gcc3'
CFLAGS='-g -O2 -DSERIAL_AUTOPROBE_ENABLED -Wall -pedantic -Wextra -std=c99'
CPP='gcc -E'
CPPFLAGS=''
CUTTER=''
CUTTER_CFLAGS=''
CUTTER_LIBS=''
CYGPATH_W='echo'
DEFS='-DHAVE_CONFIG_H'
DEPDIR='.deps'
DLLTOOL='false'
DOC_ENABLED_FALSE=''
DOC_ENABLED_TRUE='#'
DOXYGEN=''
DRIVERS_CFLAGS=' -DDRIVER_PN532_UART_ENABLED'
DRIVER_ACR122S_ENABLED_FALSE=''
DRIVER_ACR122S_ENABLED_TRUE='#'
DRIVER_ACR122_ENABLED_FALSE=''
DRIVER_ACR122_ENABLED_TRUE='#'
DRIVER_ARYGON_ENABLED_FALSE=''
DRIVER_ARYGON_ENABLED_TRUE='#'
DRIVER_PN532_UART_ENABLED_FALSE='#'
DRIVER_PN532_UART_ENABLED_TRUE=''
DRIVER_PN53X_USB_ENABLED_FALSE=''
DRIVER_PN53X_USB_ENABLED_TRUE='#'
DSYMUTIL=''
DUMPBIN=''
ECHO_C=''
ECHO_N='-n'
ECHO_T=''
EGREP='/usr/bin/grep -E'
EXEEXT=''
FGREP='/usr/bin/grep -F'
GREP='/usr/bin/grep'
INSTALL_DATA='${INSTALL} -m 644'
INSTALL_PROGRAM='${INSTALL}'
INSTALL_SCRIPT='${INSTALL}'
INSTALL_STRIP_PROGRAM='$(install_sh) -c -s'
LD='/usr/bin/ld'
LDFLAGS=''
LIBNFC_CFLAGS='-I$(top_srcdir)/libnfc -I$(top_builddir)/include -I$(top_srcdir)/include'
LIBOBJS=''
LIBS=''
LIBTOOL='$(SHELL) $(top_builddir)/libtool'
LIBUSB_ENABLED_FALSE=''
LIBUSB_ENABLED_TRUE='#'
LIPO=''
LN_S='ln -s'
LTLIBOBJS=''
MAKEINFO='${SHELL} /home/zmbush/tabulator/libnfc-1.6.0-rc1/missing --run makeinfo'
MANIFEST_TOOL=':'
MKDIR_P='/usr/bin/mkdir -p'
NM='/usr/bin/nm -B'
NMEDIT=''
OBJDUMP='objdump'
OBJEXT='o'
OTOOL64=''
OTOOL=''
PACKAGE='libnfc'
PACKAGE_BUGREPORT='info@libnfc.org'
PACKAGE_NAME='libnfc'
PACKAGE_STRING='libnfc 1.6.0-rc1'
PACKAGE_TARNAME='libnfc'
PACKAGE_URL=''
PACKAGE_VERSION='1.6.0-rc1'
PATH_SEPARATOR=':'
PCSC_ENABLED_FALSE=''
PCSC_ENABLED_TRUE='#'
PKG_CONFIG='/usr/bin/pkg-config'
PKG_CONFIG_LIBDIR=''
PKG_CONFIG_PATH=''
PKG_CONFIG_REQUIRES=''
POSIX_ONLY_EXAMPLES_ENABLED_FALSE='#'
POSIX_ONLY_EXAMPLES_ENABLED_TRUE=''
RANLIB='ranlib'
READLINE_INCLUDES='-I/usr/include/readline'
READLINE_LIBS=' -lreadline'
SED='/bin/sed'
SET_MAKE=''
SHELL='/bin/sh'
STRIP='strip'
VERSION='1.6.0-rc1'
WITH_CUTTER_FALSE=''
WITH_CUTTER_TRUE='#'
WITH_DEBUG_FALSE=''
WITH_DEBUG_TRUE='#'
ac_ct_AR='ar'
ac_ct_CC='gcc'
ac_ct_DUMPBIN=''
am__EXEEXT_FALSE=''
am__EXEEXT_TRUE='#'
am__fastdepCC_FALSE='#'
am__fastdepCC_TRUE=''
am__include='include'
am__isrc=''
am__leading_dot='.'
am__quote=''
am__tar='${AMTAR} chof - "$$tardir"'
am__untar='${AMTAR} xf -'
bindir='${exec_prefix}/bin'
build='armv6l-unknown-linux-gnueabihf'
build_alias=''
build_cpu='armv6l'
build_os='linux-gnueabihf'
build_vendor='unknown'
datadir='${datarootdir}'
datarootdir='${prefix}/share'
docdir='${datarootdir}/doc/${PACKAGE_TARNAME}'
dvidir='${docdir}'
exec_prefix='${prefix}'
host='armv6l-unknown-linux-gnueabihf'
host_alias=''
host_cpu='armv6l'
host_os='linux-gnueabihf'
host_vendor='unknown'
htmldir='${docdir}'
includedir='${prefix}/include'
infodir='${datarootdir}/info'
install_sh='${SHELL} /home/zmbush/tabulator/libnfc-1.6.0-rc1/install-sh'
libdir='${exec_prefix}/lib'
libexecdir='${exec_prefix}/libexec'
libpcsclite_CFLAGS=''
libpcsclite_LIBS=''
libusb_CFLAGS=''
libusb_CONFIG=''
libusb_LIBS=''
localedir='${datarootdir}/locale'
localstatedir='${prefix}/var'
mandir='${datarootdir}/man'
mkdir_p='/usr/bin/mkdir -p'
oldincludedir='/usr/include'
pdfdir='${docdir}'
prefix='/usr/local'
program_transform_name='s,x,x,'
psdir='${docdir}'
sbindir='${exec_prefix}/sbin'
sharedstatedir='${prefix}/com'
sysconfdir='${prefix}/etc'
target_alias=''

## ----------- ##
## confdefs.h. ##
## ----------- ##

/* confdefs.h */
#define PACKAGE_NAME "libnfc"
#define PACKAGE_TARNAME "libnfc"
#define PACKAGE_VERSION "1.6.0-rc1"
#define PACKAGE_STRING "libnfc 1.6.0-rc1"
#define PACKAGE_BUGREPORT "info@libnfc.org"
#define PACKAGE_URL ""
#define SVN_REVISION ""
#define PACKAGE "libnfc"
#define VERSION "1.6.0-rc1"
#define STDC_HEADERS 1
#define HAVE_SYS_TYPES_H 1
#define HAVE_SYS_STAT_H 1
#define HAVE_STDLIB_H 1
#define HAVE_STRING_H 1
#define HAVE_MEMORY_H 1
#define HAVE_STRINGS_H 1
#define HAVE_INTTYPES_H 1
#define HAVE_STDINT_H 1
#define HAVE_UNISTD_H 1
#define HAVE_DLFCN_H 1
#define LT_OBJDIR ".libs/"
#define STDC_HEADERS 1
#define HAVE__BOOL 1
#define HAVE_STDBOOL_H 1
#define HAVE_FCNTL_H 1
#define HAVE_LIMITS_H 1
#define HAVE_STDIO_H 1
#define HAVE_STDLIB_H 1
#define HAVE_STDINT_H 1
#define HAVE_STDDEF_H 1
#define HAVE_STDBOOL_H 1
#define HAVE_SYS_IOCTL_H 1
#define HAVE_SYS_PARAM_H 1
#define HAVE_SYS_TIME_H 1
#define HAVE_TERMIOS_H 1
#define HAVE_MEMMOVE 1
#define _XOPEN_SOURCE 600
#define HAVE_MEMSET 1
#define _XOPEN_SOURCE 600
#define HAVE_SELECT 1
#define _XOPEN_SOURCE 600
#define HAVE_STRDUP 1
#define _XOPEN_SOURCE 600
#define HAVE_STRERROR 1
#define _XOPEN_SOURCE 600
#define HAVE_STRSTR 1
#define _XOPEN_SOURCE 600
#define HAVE_STRTOL 1
#define _XOPEN_SOURCE 600
#define HAVE_USLEEP 1
#define _XOPEN_SOURCE 600
#define _NETBSD_SOURCE 1
#define _DARWIN_C_SOURCE 1
#define RETSIGTYPE void
#define HAVE_READLINE 1

configure: exit 0

## ---------------------- ##
## Running config.status. ##
## ---------------------- ##

This file was extended by libnfc config.status 1.6.0-rc1, which was
generated by GNU Autoconf 2.69.  Invocation command line was

  CONFIG_FILES    = 
  CONFIG_HEADERS  = 
  CONFIG_LINKS    = 
  CONFIG_COMMANDS = 
  $ ./config.status 

on alarmpi

config.status:1170: creating Doxyfile
config.status:1170: creating Makefile
config.status:1170: creating cmake/Makefile
config.status:1170: creating cmake/modules/Makefile
config.status:1170: creating contrib/Makefile
config.status:1170: creating contrib/devd/Makefile
config.status:1170: creating contrib/udev/Makefile
config.status:1170: creating contrib/win32/Makefile
config.status:1170: creating contrib/win32/sys/Makefile
config.status:1170: creating examples/Makefile
config.status:1170: creating examples/pn53x-tamashell-scripts/Makefile
config.status:1170: creating include/Makefile
config.status:1170: creating include/nfc/Makefile
config.status:1170: creating libnfc.pc
config.status:1170: creating libnfc/Makefile
config.status:1170: creating libnfc/buses/Makefile
config.status:1170: creating libnfc/chips/Makefile
config.status:1170: creating libnfc/drivers/Makefile
config.status:1170: creating test/Makefile
config.status:1170: creating utils/Makefile
config.status:1170: creating config.h
config.status:1399: executing depfiles commands
config.status:1399: executing libtool commands

## ---------------------- ##
## Running config.status. ##
## ---------------------- ##

This file was extended by libnfc config.status 1.6.0-rc1, which was
generated by GNU Autoconf 2.69.  Invocation command line was

  CONFIG_FILES    = 
  CONFIG_HEADERS  = 
  CONFIG_LINKS    = 
  CONFIG_COMMANDS = 
  $ ./config.status libnfc.pc

on alarmpi

config.status:1170: creating libnfc.pc

## ---------------------- ##
## Running config.status. ##
## ---------------------- ##

This file was extended by libnfc config.status 1.6.0-rc1, which was
generated by GNU Autoconf 2.69.  Invocation command line was

  CONFIG_FILES    = 
  CONFIG_HEADERS  = 
  CONFIG_LINKS    = 
  CONFIG_COMMANDS = 
  $ ./config.status config.h

on alarmpi

config.status:1170: creating config.h
config.status:1351: config.h is unchanged
